[2022-01-17 21:01:04] [ INFO ] Has seleccionado la Opción 3 Consultar saldo
[2022-01-17 21:01:04] [ INFO ] Saldo actual de la cuenta: Enorabuena aun tienes saldo suficiente en tu cuenta, tu saldo actual es de 2000.0
[2022-01-17 21:01:10] [ INFO ] Has seleccionado la Opción 1 Ingresar dinero
[2022-01-17 21:01:15] [ INFO ] Se ha realizado un ingreso de 22.0 quedando la cuenta del usuario user@2.com con un importe de 2022.0
[2022-01-17 21:01:16] [ INFO ] Has seleccionado la Opción 3 Consultar saldo
[2022-01-17 21:01:16] [ INFO ] Saldo actual de la cuenta: Enorabuena aun tienes saldo suficiente en tu cuenta, tu saldo actual es de 2022.0
[2022-01-17 21:03:55] [ INFO ] Has seleccionado la Opción 4 Salir
[2022-01-20 19:21:00] [ INFO ] Has seleccionado la Opción 3 Consultar saldo
[2022-01-20 19:21:00] [ INFO ] Saldo actual de la cuenta: Enorabuena aun tienes saldo suficiente en tu cuenta, tu saldo actual es de 6000.0
[2022-01-20 19:21:04] [ INFO ] Has seleccionado la Opción 4 Salir
[2022-01-20 19:29:59] [ INFO ] Has seleccionado la Opción 1 Ingresar dinero
[2022-01-20 19:30:02] [ INFO ] Se ha realizado un ingreso de 60.0 quedando la cuenta del usuario user@6.com con un importe de 6060.0
[2022-01-20 19:30:04] [ INFO ] Has seleccionado la Opción 3 Consultar saldo
[2022-01-20 19:30:04] [ INFO ] Saldo actual de la cuenta: Enorabuena aun tienes saldo suficiente en tu cuenta, tu saldo actual es de 6060.0
[2022-01-20 19:30:06] [ INFO ] Has seleccionado la Opción 3 Consultar saldo
[2022-01-20 19:30:06] [ INFO ] Saldo actual de la cuenta: Enorabuena aun tienes saldo suficiente en tu cuenta, tu saldo actual es de 6060.0
[2022-01-20 19:31:39] [ INFO ] Has seleccionado la Opción 3 Consultar saldo
[2022-01-20 19:31:39] [ INFO ] Saldo actual de la cuenta: Enorabuena aun tienes saldo suficiente en tu cuenta, tu saldo actual es de 6060.0
[2022-01-20 19:31:43] [ INFO ] Has seleccionado la Opción 4 Salir
[2022-02-05 12:36:34] [ INFO ] Has seleccionado la Opción 1 Ingresar dinero
[2022-02-05 12:36:37] [ INFO ] Se ha realizado un ingreso de 60.0 quedando la cuenta del usuario user@6.com con un importe de 6060.0
[2022-02-05 12:36:46] [ INFO ] Has seleccionado la Opción 3 Consultar saldo
[2022-02-05 12:36:46] [ INFO ] Saldo actual de la cuenta: Enorabuena aun tienes saldo suficiente en tu cuenta, tu saldo actual es de 6060.0
[2022-02-05 12:36:49] [ INFO ] Has seleccionado la Opción 4 Salir
[2022-02-05 12:37:38] [ INFO ] Has seleccionado la Opción 3 Consultar saldo
[2022-02-05 12:37:38] [ INFO ] Saldo actual de la cuenta: Enorabuena aun tienes saldo suficiente en tu cuenta, tu saldo actual es de 6060.0
[2022-02-05 12:37:43] [ INFO ] Has seleccionado la Opción 4 Salir
